<?xml version="1.0" encoding="UTF-8"?>
<!-- Generated by org.testng.reporters.JUnitReportReporter -->
<testsuite hostname="VDC1ODCD200101" failures="0" tests="4" name="DataDriven_.Test1" time="0.036" errors="0" timestamp="2023-08-30T16:56:11 IST" skipped="0">
  <testcase classname="DataDriven_.Test1" name="p1" time="0.005"/>
  <system-out/>
  <testcase classname="DataDriven_.Test1" name="p1" time="0.003"/>
  <system-out/>
  <testcase classname="DataDriven_.Test1" name="p1" time="0.002"/>
  <system-out/>
  <testcase classname="DataDriven_.Test1" name="p1" time="0.026"/>
  <system-out/>
</testsuite> <!-- DataDriven_.Test1 -->
