<?xml version="1.0" encoding="UTF-8"?>
<!-- Generated by org.testng.reporters.JUnitReportReporter -->
<testsuite hostname="VDC1ODCD200101" failures="0" tests="1" name="Advanced.links" time="27.391" errors="0" timestamp="2023-10-11T19:16:30 IST" skipped="0">
  <testcase classname="Advanced.links" name="testLinks" time="27.391"/>
</testsuite> <!-- Advanced.links -->
