<?xml version="1.0" encoding="UTF-8"?>
<!-- Generated by org.testng.reporters.JUnitReportReporter -->
<testsuite hostname="VDC1ODCD200101" failures="0" tests="1" name="selenium_Advance_Revise.links" time="19.014" errors="0" timestamp="2023-10-11T19:19:24 IST" skipped="0">
  <testcase classname="selenium_Advance_Revise.links" name="linkTest" time="19.014"/>
</testsuite> <!-- selenium_Advance_Revise.links -->
