<?xml version="1.0" encoding="UTF-8"?>
<!-- Generated by org.testng.reporters.JUnitReportReporter -->
<testsuite hostname="VDC1ODCD200101" failures="0" tests="1" name="Advanced.Window" time="46.469" errors="0" timestamp="2023-09-15T15:51:52 IST" skipped="0">
  <testcase classname="Advanced.Window" name="testWindow" time="46.469"/>
  <system-out/>
</testsuite> <!-- Advanced.Window -->
