<?xml version="1.0" encoding="UTF-8"?>
<!-- Generated by org.testng.reporters.JUnitReportReporter -->
<testsuite hostname="VDC1ODCD200101" failures="0" tests="1" name="interview_Questions.mximize" time="12.582" errors="0" timestamp="2023-09-15T23:50:32 IST" skipped="0">
  <testcase classname="interview_Questions.mximize" name="testMaximize" time="12.582"/>
  <system-out/>
</testsuite> <!-- interview_Questions.mximize -->
