<?xml version="1.0" encoding="UTF-8"?>
<!-- Generated by org.testng.reporters.JUnitReportReporter -->
<testsuite hostname="VDC1ODCD200101" failures="0" tests="1" name="interview_Questions.get_And_navigate" time="17.086" errors="0" timestamp="2023-09-15T22:58:26 IST" skipped="0">
  <testcase classname="interview_Questions.get_And_navigate" name="testdiff" time="17.086"/>
  <system-out/>
</testsuite> <!-- interview_Questions.get_And_navigate -->
