<?xml version="1.0" encoding="UTF-8"?>
<!-- Generated by org.testng.reporters.JUnitReportReporter -->
<testsuite hostname="VDC1ODCD200101" failures="0" tests="1" name="sel_Advanced.windows_R" time="20.517" errors="0" timestamp="2023-09-05T15:27:33 IST" skipped="0">
  <testcase classname="sel_Advanced.windows_R" name="windowsTest" time="20.517"/>
  <system-out/>
</testsuite> <!-- sel_Advanced.windows_R -->
