<?xml version="1.0" encoding="UTF-8"?>
<!-- Generated by org.testng.reporters.JUnitReportReporter -->
<testsuite hostname="VDC1ODCD200101" failures="0" tests="2" name="TestNG_Revise.groups_R" time="0.180" errors="0" timestamp="2023-09-04T15:10:16 IST" skipped="0">
  <testcase classname="TestNG_Revise.groups_R" name="level1_testpractise2" time="0.005"/>
  <system-out/>
  <testcase classname="TestNG_Revise.groups_R" name="level1_testpractise1" time="0.175"/>
  <system-out/>
</testsuite> <!-- TestNG_Revise.groups_R -->
