<?xml version="1.0" encoding="UTF-8"?>
<!-- Generated by org.testng.reporters.JUnitReportReporter -->
<testsuite hostname="VDC1ODCD200101" failures="0" tests="1" name="interview_Questions.all_checkbox_select" time="14.961" errors="0" timestamp="2023-10-12T17:20:34 IST" skipped="0">
  <testcase classname="interview_Questions.all_checkbox_select" name="testcheckbox" time="14.961"/>
</testsuite> <!-- interview_Questions.all_checkbox_select -->
