<?xml version="1.0" encoding="UTF-8"?>
<!-- Generated by org.testng.reporters.JUnitReportReporter -->
<testsuite hostname="VDC1ODCD200101" failures="0" tests="1" name="interview_Questions.refresh" time="26.933" errors="0" timestamp="2023-09-15T23:41:57 IST" skipped="0">
  <testcase classname="interview_Questions.refresh" name="testRefresh" time="26.933"/>
  <system-out/>
</testsuite> <!-- interview_Questions.refresh -->
