<?xml version="1.0" encoding="UTF-8"?>
<!-- Generated by org.testng.reporters.JUnitReportReporter -->
<testsuite hostname="VDC1ODCD200101" failures="0" tests="1" name="new_Functionalities.friendly_locator" time="15.303" errors="0" timestamp="2023-10-20T05:05:24 IST" skipped="0">
  <testcase classname="new_Functionalities.friendly_locator" name="realtiveLocator_test" time="15.303"/>
</testsuite> <!-- new_Functionalities.friendly_locator -->
