<?xml version="1.0" encoding="UTF-8"?>
<!-- Generated by org.testng.reporters.JUnitReportReporter -->
<testsuite hostname="VDC1ODCD200101" failures="0" tests="1" name="new_Functionalities.test" time="4.850" errors="0" timestamp="2023-10-20T04:48:11 IST" skipped="0">
  <testcase classname="new_Functionalities.test" name="screenShotSection" time="4.850"/>
</testsuite> <!-- new_Functionalities.test -->
