<?xml version="1.0" encoding="UTF-8"?>
<!-- Generated by org.testng.reporters.JUnitReportReporter -->
<testsuite hostname="VDC1ODCD200101" failures="0" tests="7" name="Java_Revise.program_that_I_know" time="0.056" errors="0" timestamp="2023-10-16T13:43:12 IST" skipped="6">
  <testcase classname="Java_Revise.program_that_I_know" name="test_LetterOccurance" time="0.056"/>
  <testcase classname="Java_Revise.program_that_I_know" name="swapwithTemp">
    <skipped/>
  </testcase> <!-- swapwithTemp -->
  <testcase classname="Java_Revise.program_that_I_know" name="test_ArraycontainsElement">
    <skipped/>
  </testcase> <!-- test_ArraycontainsElement -->
  <testcase classname="Java_Revise.program_that_I_know" name="SWapwithOuttemp">
    <skipped/>
  </testcase> <!-- SWapwithOuttemp -->
  <testcase classname="Java_Revise.program_that_I_know" name="test_StringReverse">
    <skipped/>
  </testcase> <!-- test_StringReverse -->
  <testcase classname="Java_Revise.program_that_I_know" name="traingelPrint">
    <skipped/>
  </testcase> <!-- traingelPrint -->
  <testcase classname="Java_Revise.program_that_I_know" name="numberReverse">
    <skipped/>
  </testcase> <!-- numberReverse -->
</testsuite> <!-- Java_Revise.program_that_I_know -->
