<?xml version="1.0" encoding="UTF-8"?>
<!-- Generated by org.testng.reporters.JUnitReportReporter -->
<testsuite hostname="VDC1ODCD200101" failures="0" tests="12" name="TestNG_Revise.testing" time="0.054" errors="0" timestamp="2023-10-18T12:26:06 IST" skipped="0">
  <testcase classname="TestNG_Revise.testing" name="practise" time="0.005"/>
  <testcase classname="TestNG_Revise.testing" name="occuranceofLetter" time="0.006"/>
  <testcase classname="TestNG_Revise.testing" name="StringReverse" time="0.016"/>
  <testcase classname="TestNG_Revise.testing" name="numberReverse" time="0.004"/>
  <testcase classname="TestNG_Revise.testing" name="practise" time="0.003"/>
  <testcase classname="TestNG_Revise.testing" name="practise" time="0.006"/>
  <testcase classname="TestNG_Revise.testing" name="printStart" time="0.004"/>
  <testcase classname="TestNG_Revise.testing" name="swapWithTemp" time="0.002"/>
  <testcase classname="TestNG_Revise.testing" name="swapWithOutTemp" time="0.002"/>
  <testcase classname="TestNG_Revise.testing" name="practise" time="0.002"/>
  <testcase classname="TestNG_Revise.testing" name="printNumber" time="0.001"/>
  <testcase classname="TestNG_Revise.testing" name="smallestElementinArray" time="0.003"/>
</testsuite> <!-- TestNG_Revise.testing -->
