<?xml version="1.0" encoding="UTF-8"?>
<!-- Generated by org.testng.reporters.JUnitReportReporter -->
<testsuite hostname="VDC1ODCD200101" failures="0" tests="1" name="javaPrograms_R.lowerCase_And_upperCase" time="0.025" errors="0" timestamp="2023-09-19T20:11:44 IST" skipped="0">
  <testcase classname="javaPrograms_R.lowerCase_And_upperCase" name="test" time="0.025"/>
  <system-out/>
</testsuite> <!-- javaPrograms_R.lowerCase_And_upperCase -->
