<?xml version="1.0" encoding="UTF-8"?>
<!-- Generated by org.testng.reporters.JUnitReportReporter -->
<testsuite hostname="VDC1ODCD200101" failures="0" tests="1" name="Advanced.drag_And_drop" time="22.647" errors="0" timestamp="2023-09-18T20:03:12 IST" skipped="0">
  <testcase classname="Advanced.drag_And_drop" name="testdd" time="22.647"/>
  <system-out/>
</testsuite> <!-- Advanced.drag_And_drop -->
