<?xml version="1.0" encoding="UTF-8"?>
<!-- Generated by org.testng.reporters.JUnitReportReporter -->
<testsuite hostname="VDC1ODCD200101" failures="0" tests="1" name="TestCase_RL.LoginTC_RL" time="4.699" errors="0" timestamp="2023-10-26T21:29:47 IST" skipped="0">
  <testcase classname="TestCase_RL.LoginTC_RL" name="test_login" time="4.699"/>
</testsuite> <!-- TestCase_RL.LoginTC_RL -->
