<?xml version="1.0" encoding="UTF-8"?>
<!-- Generated by org.testng.reporters.JUnitReportReporter -->
<testsuite hostname="Tom" failures="0" tests="6" name="TestNG_Revise.skipTC_enaable_R" time="0.015" errors="0" timestamp="2023-08-27T14:09:57 IST" skipped="3">
  <testcase classname="TestNG_Revise.skipTC_enaable_R" name="test1minus" time="0.012"/>
  <system-out/>
  <testcase classname="TestNG_Revise.skipTC_enaable_R" name="test1" time="0.001"/>
  <system-out/>
  <testcase classname="TestNG_Revise.skipTC_enaable_R" name="test2" time="0.002"/>
  <system-out/>
  <testcase classname="TestNG_Revise.skipTC_enaable_R" name="test0">
    <skipped/>
  </testcase> <!-- test0 -->
  <system-out/>
  <testcase classname="TestNG_Revise.skipTC_enaable_R" name="test3">
    <skipped/>
  </testcase> <!-- test3 -->
  <system-out/>
  <testcase classname="TestNG_Revise.skipTC_enaable_R" name="test5minus">
    <skipped/>
  </testcase> <!-- test5minus -->
  <system-out/>
</testsuite> <!-- TestNG_Revise.skipTC_enaable_R -->
