<?xml version="1.0" encoding="UTF-8"?>
<!-- Generated by org.testng.reporters.JUnitReportReporter -->
<testsuite hostname="VDC1ODCD200101" failures="0" tests="2" name="TestNG_Revise.heirarchy" time="0.026" errors="0" timestamp="2023-10-17T21:18:37 IST" skipped="0">
  <testcase classname="TestNG_Revise.heirarchy" name="test10" time="0.020"/>
  <testcase classname="TestNG_Revise.heirarchy" name="test5" time="0.006"/>
</testsuite> <!-- TestNG_Revise.heirarchy -->
