<?xml version="1.0" encoding="UTF-8"?>
<!-- Generated by org.testng.reporters.JUnitReportReporter -->
<testsuite hostname="VDC1ODCD200101" failures="0" tests="1" name="interview_Questions.Assert_and_Verify" time="0.086" errors="0" timestamp="2023-09-16T14:14:25 IST" skipped="0">
  <testcase classname="interview_Questions.Assert_and_Verify" name="test" time="0.086"/>
  <system-out/>
</testsuite> <!-- interview_Questions.Assert_and_Verify -->
