<?xml version="1.0" encoding="UTF-8"?>
<!-- Generated by org.testng.reporters.JUnitReportReporter -->
<testsuite hostname="VDC1ODCD200101" failures="0" tests="2" name="TestNG_Revise.parallelExecution_R" time="3.683" errors="0" timestamp="2023-09-04T15:22:59 IST" skipped="0">
  <testcase classname="TestNG_Revise.parallelExecution_R" name="openGoogle" time="3.081"/>
  <system-out/>
  <testcase classname="TestNG_Revise.parallelExecution_R" name="openBing" time="0.602"/>
  <system-out/>
</testsuite> <!-- TestNG_Revise.parallelExecution_R -->
