<?xml version="1.0" encoding="UTF-8"?>
<!-- Generated by org.testng.reporters.JUnitReportReporter -->
<testsuite hostname="VDC1ODCD200101" failures="0" tests="1" name="interview_Questions.active_element" time="13.830" errors="0" timestamp="2023-09-16T12:52:38 IST" skipped="0">
  <testcase classname="interview_Questions.active_element" name="testActivElement" time="13.830"/>
  <system-out/>
</testsuite> <!-- interview_Questions.active_element -->
