<?xml version="1.0" encoding="UTF-8"?>
<!-- Generated by org.testng.reporters.JUnitReportReporter -->
<testsuite hostname="Tom" failures="0" tests="3" name="TestNG_Revise.dependson_R" time="0.012" errors="0" timestamp="2023-08-27T16:28:06 IST" skipped="1">
  <testcase classname="TestNG_Revise.dependson_R" name="test3" time="0.002"/>
  <system-out/>
  <testcase classname="TestNG_Revise.dependson_R" name="test1" time="0.010"/>
  <system-out/>
  <testcase classname="TestNG_Revise.dependson_R" name="test2">
    <skipped/>
  </testcase> <!-- test2 -->
  <system-out/>
</testsuite> <!-- TestNG_Revise.dependson_R -->
