<?xml version="1.0" encoding="UTF-8"?>
<!-- Generated by org.testng.reporters.JUnitReportReporter -->
<testsuite hostname="VDC1ODCD200101" failures="0" tests="1" name="sel_Advanced.practise_Sep262_023" time="30.976" errors="0" timestamp="2023-09-26T15:57:10 IST" skipped="0">
  <testcase classname="sel_Advanced.practise_Sep262_023" name="practise_Table" time="30.976"/>
  <system-out/>
</testsuite> <!-- sel_Advanced.practise_Sep262_023 -->
