<?xml version="1.0" encoding="UTF-8"?>
<!-- Generated by org.testng.reporters.JUnitReportReporter -->
<testsuite hostname="VDC1ODCD200101" failures="0" tests="1" name="javaPrograms_R.occurance_of_letter" time="0.021" errors="0" timestamp="2023-10-16T13:36:58 IST" skipped="0">
  <testcase classname="javaPrograms_R.occurance_of_letter" name="test1" time="0.021"/>
</testsuite> <!-- javaPrograms_R.occurance_of_letter -->
