<?xml version="1.0" encoding="UTF-8"?>
<!-- Generated by org.testng.reporters.JUnitReportReporter -->
<testsuite hostname="VDC1ODCD200101" failures="0" tests="2" name="TestNG_Revise.parallel_execution" time="2.819" errors="0" timestamp="2023-10-06T17:23:13 IST" skipped="0">
  <testcase classname="TestNG_Revise.parallel_execution" name="test1" time="1.796"/>
  <system-out/>
  <testcase classname="TestNG_Revise.parallel_execution" name="test2" time="1.023"/>
  <system-out/>
</testsuite> <!-- TestNG_Revise.parallel_execution -->
