<?xml version="1.0" encoding="UTF-8"?>
<!-- Generated by org.testng.reporters.JUnitReportReporter -->
<testsuite hostname="VDC1ODCD200101" failures="0" tests="1" name="javaPrograms_R.test_0ct_07" time="0.050" errors="0" timestamp="2023-10-07T09:56:51 IST" skipped="0">
  <testcase classname="javaPrograms_R.test_0ct_07" name="testreverseNumber" time="0.050"/>
</testsuite> <!-- javaPrograms_R.test_0ct_07 -->
