<?xml version="1.0" encoding="UTF-8"?>
<!-- Generated by org.testng.reporters.JUnitReportReporter -->
<testsuite hostname="VDC1ODCD200101" failures="0" tests="1" name="selenium_Intrw_Qs.screenshot" time="16.870" errors="0" timestamp="2023-10-12T16:57:44 IST" skipped="0">
  <testcase classname="selenium_Intrw_Qs.screenshot" name="testScreenShot" time="16.870"/>
</testsuite> <!-- selenium_Intrw_Qs.screenshot -->
