<?xml version="1.0" encoding="UTF-8"?>
<!-- Generated by org.testng.reporters.JUnitReportReporter -->
<testsuite hostname="VDC1ODCD200101" failures="0" tests="6" name="TestNG_Revise.invocationCount_Test" time="0.081" errors="0" timestamp="2023-10-06T16:54:48 IST" skipped="0">
  <testcase classname="TestNG_Revise.invocationCount_Test" name="test2" time="0.007"/>
  <system-out/>
  <testcase classname="TestNG_Revise.invocationCount_Test" name="test2" time="0.004"/>
  <system-out/>
  <testcase classname="TestNG_Revise.invocationCount_Test" name="test2" time="0.004"/>
  <system-out/>
  <testcase classname="TestNG_Revise.invocationCount_Test" name="test2" time="0.005"/>
  <system-out/>
  <testcase classname="TestNG_Revise.invocationCount_Test" name="test1" time="0.056"/>
  <system-out/>
  <testcase classname="TestNG_Revise.invocationCount_Test" name="test2" time="0.005"/>
  <system-out/>
</testsuite> <!-- TestNG_Revise.invocationCount_Test -->
