<?xml version="1.0" encoding="UTF-8"?>
<!-- Generated by org.testng.reporters.JUnitReportReporter -->
<testsuite hostname="VDC1ODCD200101" failures="0" tests="1" name="javaPrograms_R.test19Sep" time="0.062" errors="0" timestamp="2023-09-19T20:49:16 IST" skipped="0">
  <testcase classname="javaPrograms_R.test19Sep" name="test" time="0.062"/>
  <system-out/>
</testsuite> <!-- javaPrograms_R.test19Sep -->
