<?xml version="1.0" encoding="UTF-8"?>
<!-- Generated by org.testng.reporters.JUnitReportReporter -->
<testsuite hostname="VDC1ODCD200101" failures="0" tests="1" name="TestCases.LoginTestCase" time="5.185" errors="0" timestamp="2023-10-24T23:48:15 IST" skipped="0">
  <testcase classname="TestCases.LoginTestCase" name="LoginPageTestCase" time="5.185"/>
</testsuite> <!-- TestCases.LoginTestCase -->
