<?xml version="1.0" encoding="UTF-8"?>
<!-- Generated by org.testng.reporters.JUnitReportReporter -->
<testsuite hostname="VDC1ODCD200101" failures="0" tests="1" name="sel_Advanced.alert_Sep12" time="23.316" errors="0" timestamp="2023-09-13T13:03:34 IST" skipped="0">
  <testcase classname="sel_Advanced.alert_Sep12" name="alertTest" time="23.316"/>
  <system-out/>
</testsuite> <!-- sel_Advanced.alert_Sep12 -->
