<?xml version="1.0" encoding="UTF-8"?>
<!-- Generated by org.testng.reporters.JUnitReportReporter -->
<testsuite hostname="VDC1ODCD200101" failures="0" tests="1" name="interview_Questions.all_checkbox_select" time="15.619" errors="0" timestamp="2023-09-16T15:46:32 IST" skipped="0">
  <testcase classname="interview_Questions.all_checkbox_select" name="testcheckbox" time="15.619"/>
  <system-out/>
</testsuite> <!-- interview_Questions.all_checkbox_select -->
