<?xml version="1.0" encoding="UTF-8"?>
<!-- Generated by org.testng.reporters.JUnitReportReporter -->
<testsuite hostname="VDC1ODCD200101" failures="0" tests="4" name="Script_Revise.waits" time="9.923" errors="0" timestamp="2023-10-27T00:45:40 IST" skipped="3">
  <testcase classname="Script_Revise.waits" name="getLinks" time="9.923"/>
  <testcase classname="Script_Revise.waits" name="gsearch_results_click">
    <skipped/>
  </testcase> <!-- gsearch_results_click -->
  <testcase classname="Script_Revise.waits" name="practise">
    <skipped/>
  </testcase> <!-- practise -->
  <testcase classname="Script_Revise.waits" name="all_chck_boxes">
    <skipped/>
  </testcase> <!-- all_chck_boxes -->
</testsuite> <!-- Script_Revise.waits -->
