<?xml version="1.0" encoding="UTF-8"?>
<!-- Generated by org.testng.reporters.JUnitReportReporter -->
<testsuite hostname="VDC1ODCD200101" failures="0" tests="2" name="interview_Questions.hierarchy" time="0.019" errors="0" timestamp="2023-09-18T00:42:22 IST" skipped="0">
  <testcase classname="interview_Questions.hierarchy" name="test5" time="0.015"/>
  <system-out/>
  <testcase classname="interview_Questions.hierarchy" name="version2" time="0.004"/>
  <system-out/>
</testsuite> <!-- interview_Questions.hierarchy -->
