<?xml version="1.0" encoding="UTF-8"?>
<!-- Generated by org.testng.reporters.JUnitReportReporter -->
<testsuite hostname="VDC1ODCD200101" failures="0" tests="1" name="javaPrograms_R.smallest_in_array" time="0.054" errors="0" timestamp="2023-10-07T09:47:40 IST" skipped="0">
  <testcase classname="javaPrograms_R.smallest_in_array" name="test" time="0.054"/>
</testsuite> <!-- javaPrograms_R.smallest_in_array -->
