<?xml version="1.0" encoding="UTF-8"?>
<!-- Generated by org.testng.reporters.JUnitReportReporter -->
<testsuite hostname="VDC1ODCD200101" failures="0" tests="1" name="interview_Questions.authentication_popup" time="11.518" errors="0" timestamp="2023-09-16T00:46:34 IST" skipped="0">
  <testcase classname="interview_Questions.authentication_popup" name="testauthPopup" time="11.518"/>
  <system-out/>
</testsuite> <!-- interview_Questions.authentication_popup -->
