<?xml version="1.0" encoding="UTF-8"?>
<!-- Generated by org.testng.reporters.JUnitReportReporter -->
<testsuite hostname="VDC1ODCD200101" failures="0" tests="3" name="javaPrograms_R.test11" time="0.060" errors="0" timestamp="2023-09-19T14:33:45 IST" skipped="2">
  <testcase classname="javaPrograms_R.test11" name="testreverse" time="0.060"/>
  <system-out/>
  <testcase classname="javaPrograms_R.test11" name="Testoccurance">
    <skipped/>
  </testcase> <!-- Testoccurance -->
  <system-out/>
  <testcase classname="javaPrograms_R.test11" name="array_contains_element_or_Not">
    <skipped/>
  </testcase> <!-- array_contains_element_or_Not -->
  <system-out/>
</testsuite> <!-- javaPrograms_R.test11 -->
