<?xml version="1.0" encoding="UTF-8"?>
<!-- Generated by org.testng.reporters.JUnitReportReporter -->
<testsuite hostname="VDC1ODCD200101" failures="0" tests="1" name="javaPrograms_R.program_test" time="0.022" errors="0" timestamp="2023-10-20T10:44:45 IST" skipped="0">
  <testcase classname="javaPrograms_R.program_test" name="findTest" time="0.022"/>
</testsuite> <!-- javaPrograms_R.program_test -->
