<?xml version="1.0" encoding="UTF-8"?>
<!-- Generated by org.testng.reporters.JUnitReportReporter -->
<testsuite hostname="VDC1ODCD200101" failures="0" tests="1" name="Advanced.upoload_File" time="19.825" errors="0" timestamp="2023-10-11T18:56:48 IST" skipped="0">
  <testcase classname="Advanced.upoload_File" name="testupload" time="19.825"/>
</testsuite> <!-- Advanced.upoload_File -->
