<?xml version="1.0" encoding="UTF-8"?>
<!-- Generated by org.testng.reporters.JUnitReportReporter -->
<testsuite hostname="VDC1ODCD200101" failures="0" tests="1" name="Advanced.download_FIle" time="19.611" errors="0" timestamp="2023-09-18T21:48:09 IST" skipped="0">
  <testcase classname="Advanced.download_FIle" name="testFiled" time="19.611"/>
  <system-out/>
</testsuite> <!-- Advanced.download_FIle -->
