<?xml version="1.0" encoding="UTF-8"?>
<!-- Generated by org.testng.reporters.JUnitReportReporter -->
<testsuite hostname="VDC1ODCD200101" failures="0" tests="4" name="testCases_example.login_DDT_example" time="0.025" errors="0" timestamp="2023-11-02T17:34:13 IST" skipped="0">
  <testcase classname="testCases_example.login_DDT_example" name="test_ddt" time="0.004"/>
  <testcase classname="testCases_example.login_DDT_example" name="test_ddt" time="0.012"/>
  <testcase classname="testCases_example.login_DDT_example" name="test_ddt" time="0.005"/>
  <testcase classname="testCases_example.login_DDT_example" name="test_ddt" time="0.004"/>
</testsuite> <!-- testCases_example.login_DDT_example -->
