<?xml version="1.0" encoding="UTF-8"?>
<!-- Generated by org.testng.reporters.JUnitReportReporter -->
<testsuite hostname="VDC1ODCD200101" failures="0" tests="1" name="interview_Questions.all_checkbox_select" time="16.208" errors="0" timestamp="2023-10-26T22:43:27 IST" skipped="0">
  <testcase classname="interview_Questions.all_checkbox_select" name="testcheckbox" time="16.208"/>
</testsuite> <!-- interview_Questions.all_checkbox_select -->
