<?xml version="1.0" encoding="UTF-8"?>
<!-- Generated by org.testng.reporters.JUnitReportReporter -->
<testsuite hostname="VDC1ODCD200101" failures="0" tests="4" name="TestNG_Revise.loginDDt" time="0.020" errors="0" timestamp="2023-10-06T18:32:29 IST" skipped="0">
  <testcase classname="TestNG_Revise.loginDDt" name="testLogin" time="0.004"/>
  <testcase classname="TestNG_Revise.loginDDt" name="testLogin" time="0.011"/>
  <testcase classname="TestNG_Revise.loginDDt" name="testLogin" time="0.002"/>
  <testcase classname="TestNG_Revise.loginDDt" name="testLogin" time="0.003"/>
</testsuite> <!-- TestNG_Revise.loginDDt -->
