<?xml version="1.0" encoding="UTF-8"?>
<!-- Generated by org.testng.reporters.JUnitReportReporter -->
<testsuite hostname="VDC1ODCD200101" failures="0" tests="4" name="TestCases.LoginDDT_Practise" time="18.683" errors="0" timestamp="2023-10-25T00:04:35 IST" skipped="0">
  <testcase classname="TestCases.LoginDDT_Practise" name="test_ddt" time="4.646"/>
  <testcase classname="TestCases.LoginDDT_Practise" name="test_ddt" time="4.622"/>
  <testcase classname="TestCases.LoginDDT_Practise" name="test_ddt" time="4.894"/>
  <testcase classname="TestCases.LoginDDT_Practise" name="test_ddt" time="4.521"/>
</testsuite> <!-- TestCases.LoginDDT_Practise -->
