<?xml version="1.0" encoding="UTF-8"?>
<!-- Generated by org.testng.reporters.JUnitReportReporter -->
<testsuite hostname="VDC1ODCD200101" failures="0" tests="4" name="DataDriven_.Test_Sep13File" time="0.051" errors="0" timestamp="2023-09-13T15:19:31 IST" skipped="0">
  <testcase classname="DataDriven_.Test_Sep13File" name="testGetDataFromXLFile" time="0.002"/>
  <system-out/>
  <testcase classname="DataDriven_.Test_Sep13File" name="testGetDataFromXLFile" time="0.005"/>
  <system-out/>
  <testcase classname="DataDriven_.Test_Sep13File" name="testGetDataFromXLFile" time="0.040"/>
  <system-out/>
  <testcase classname="DataDriven_.Test_Sep13File" name="testGetDataFromXLFile" time="0.004"/>
  <system-out/>
</testsuite> <!-- DataDriven_.Test_Sep13File -->
