<?xml version="1.0" encoding="UTF-8"?>
<!-- Generated by org.testng.reporters.JUnitReportReporter -->
<testsuite hostname="VDC1ODCD200101" failures="0" tests="1" name="Testcase_Nov_7.LoginTC" time="0.137" errors="0" timestamp="2023-11-07T18:35:53 IST" skipped="0">
  <testcase classname="Testcase_Nov_7.LoginTC" name="test_loginpage" time="0.137"/>
</testsuite> <!-- Testcase_Nov_7.LoginTC -->
