<?xml version="1.0" encoding="UTF-8"?>
<!-- Generated by org.testng.reporters.JUnitReportReporter -->
<testsuite hostname="VDC1ODCD200101" failures="0" tests="1" name="interview_Questions.explicitwait" time="25.325" errors="0" timestamp="2023-09-15T21:44:21 IST" skipped="0">
  <testcase classname="interview_Questions.explicitwait" name="testWait" time="25.325"/>
  <system-out/>
</testsuite> <!-- interview_Questions.explicitwait -->
