<?xml version="1.0" encoding="UTF-8"?>
<!-- Generated by org.testng.reporters.JUnitReportReporter -->
<testsuite hostname="VDC1ODCD200101" failures="0" tests="2" name="TestNG_Revise.dependson" time="0.031" errors="0" timestamp="2023-10-06T16:56:54 IST" skipped="0">
  <testcase classname="TestNG_Revise.dependson" name="test1" time="0.026"/>
  <system-out/>
  <testcase classname="TestNG_Revise.dependson" name="test2" time="0.005"/>
  <system-out/>
</testsuite> <!-- TestNG_Revise.dependson -->
