<?xml version="1.0" encoding="UTF-8"?>
<!-- Generated by org.testng.reporters.JUnitReportReporter -->
<testsuite hostname="VDC1ODCD200101" failures="0" tests="5" name="TestNG_Revise.Atttributes_Practise" time="0.066" errors="0" timestamp="2023-10-06T15:46:44 IST" skipped="0">
  <testcase classname="TestNG_Revise.Atttributes_Practise" name="test5" time="0.047"/>
  <system-out/>
  <testcase classname="TestNG_Revise.Atttributes_Practise" name="test3" time="0.004"/>
  <system-out/>
  <testcase classname="TestNG_Revise.Atttributes_Practise" name="test4" time="0.004"/>
  <system-out/>
  <testcase classname="TestNG_Revise.Atttributes_Practise" name="test1" time="0.005"/>
  <system-out/>
  <testcase classname="TestNG_Revise.Atttributes_Practise" name="test2" time="0.006"/>
  <system-out/>
</testsuite> <!-- TestNG_Revise.Atttributes_Practise -->
