<?xml version="1.0" encoding="UTF-8"?>
<!-- Generated by org.testng.reporters.JUnitReportReporter -->
<testsuite hostname="VDC1ODCD200101" failures="0" tests="3" name="DataDriven_.Test_Sep13" time="0.094" errors="0" timestamp="2023-09-13T14:11:31 IST" skipped="0">
  <testcase classname="DataDriven_.Test_Sep13" name="dataTest" time="0.083"/>
  <system-out/>
  <testcase classname="DataDriven_.Test_Sep13" name="dataTest" time="0.004"/>
  <system-out/>
  <testcase classname="DataDriven_.Test_Sep13" name="dataTest" time="0.007"/>
  <system-out/>
</testsuite> <!-- DataDriven_.Test_Sep13 -->
