<?xml version="1.0" encoding="UTF-8"?>
<!-- Generated by org.testng.reporters.JUnitReportReporter -->
<testsuite hostname="VDC1ODCD200101" failures="0" tests="1" name="testCases_example.amazon_tc" time="30.799" errors="0" timestamp="2023-11-06T17:16:15 IST" skipped="0">
  <testcase classname="testCases_example.amazon_tc" name="test_amazon" time="30.799"/>
</testsuite> <!-- testCases_example.amazon_tc -->
