<?xml version="1.0" encoding="UTF-8"?>
<!-- Generated by org.testng.reporters.JUnitReportReporter -->
<testsuite hostname="VDC1ODCD200101" failures="0" tests="1" name="selenium_Revise.windows" time="29.863" errors="0" timestamp="2023-10-11T18:18:15 IST" skipped="0">
  <testcase classname="selenium_Revise.windows" name="testWindows" time="29.863"/>
</testsuite> <!-- selenium_Revise.windows -->
