<?xml version="1.0" encoding="UTF-8"?>
<!-- Generated by org.testng.reporters.JUnitReportReporter -->
<testsuite hostname="VDC1ODCD200101" failures="0" tests="1" name="TestCases.BaseClass_Practise" time="0.009" errors="0" timestamp="2023-10-24T23:27:52 IST" skipped="0">
  <testcase classname="TestCases.BaseClass_Practise" name="test" time="0.009"/>
</testsuite> <!-- TestCases.BaseClass_Practise -->
