<?xml version="1.0" encoding="UTF-8"?>
<!-- Generated by org.testng.reporters.JUnitReportReporter -->
<testsuite hostname="VDC1ODCD200101" failures="0" tests="1" name="TestNG_Revise.parameter_R" time="0.005" errors="0" timestamp="2023-09-04T15:10:16 IST" skipped="0">
  <testcase classname="TestNG_Revise.parameter_R" name="test1" time="0.005"/>
  <system-out/>
</testsuite> <!-- TestNG_Revise.parameter_R -->
