<?xml version="1.0" encoding="UTF-8"?>
<!-- Generated by org.testng.reporters.JUnitReportReporter -->
<testsuite hostname="VDC1ODCD200101" failures="0" tests="1" name="Advanced.upoload_File" time="19.140" errors="0" timestamp="2023-09-18T22:58:33 IST" skipped="0">
  <testcase classname="Advanced.upoload_File" name="testupload" time="19.140"/>
  <system-out/>
</testsuite> <!-- Advanced.upoload_File -->
