<?xml version="1.0" encoding="UTF-8"?>
<!-- Generated by org.testng.reporters.JUnitReportReporter -->
<testsuite hostname="VDC1ODCD200101" failures="0" tests="1" name="javaPrograms_R.alphabet_position" time="0.037" errors="0" timestamp="2023-09-19T12:58:46 IST" skipped="0">
  <testcase classname="javaPrograms_R.alphabet_position" name="test1" time="0.037"/>
  <system-out/>
</testsuite> <!-- javaPrograms_R.alphabet_position -->
