<?xml version="1.0" encoding="UTF-8"?>
<!-- Generated by org.testng.reporters.JUnitReportReporter -->
<testsuite hostname="VDC1ODCD200101" failures="0" tests="1" name="Advanced.toottip" time="44.590" errors="0" timestamp="2023-09-18T20:24:46 IST" skipped="0">
  <testcase classname="Advanced.toottip" name="test" time="44.590"/>
  <system-out/>
</testsuite> <!-- Advanced.toottip -->
