<?xml version="1.0" encoding="UTF-8"?>
<!-- Generated by org.testng.reporters.JUnitReportReporter -->
<testsuite hostname="VDC1ODCD200101" failures="0" tests="2" name="interview_Questions.hierarchy" time="0.032" errors="0" timestamp="2023-10-20T11:35:25 IST" skipped="0">
  <testcase classname="interview_Questions.hierarchy" name="test5" time="0.026"/>
  <testcase classname="interview_Questions.hierarchy" name="version2" time="0.006"/>
</testsuite> <!-- interview_Questions.hierarchy -->
