<?xml version="1.0" encoding="UTF-8"?>
<!-- Generated by org.testng.reporters.JUnitReportReporter -->
<testsuite hostname="VDC1ODCD200101" failures="0" tests="2" name="TestNG_Revise.timesout" time="0.067" errors="0" timestamp="2023-10-06T16:53:16 IST" skipped="0">
  <testcase classname="TestNG_Revise.timesout" name="test2" time="0.013"/>
  <system-out/>
  <testcase classname="TestNG_Revise.timesout" name="test1" time="0.054"/>
  <system-out/>
</testsuite> <!-- TestNG_Revise.timesout -->
