<?xml version="1.0" encoding="UTF-8"?>
<!-- Generated by org.testng.reporters.JUnitReportReporter -->
<testsuite hostname="VDC1ODCD200101" failures="0" tests="1" name="new_Functionalities.Object_Location" time="2.615" errors="0" timestamp="2023-10-20T05:19:04 IST" skipped="0">
  <testcase classname="new_Functionalities.Object_Location" name="object_location" time="2.615"/>
</testsuite> <!-- new_Functionalities.Object_Location -->
