<?xml version="1.0" encoding="UTF-8"?>
<!-- Generated by org.testng.reporters.JUnitReportReporter -->
<testsuite hostname="VDC1ODCD200101" failures="0" tests="1" name="javaPrograms_R.array_contains_elementOrNot" time="0.079" errors="0" timestamp="2023-09-19T11:56:12 IST" skipped="0">
  <testcase classname="javaPrograms_R.array_contains_elementOrNot" name="test" time="0.079"/>
  <system-out/>
</testsuite> <!-- javaPrograms_R.array_contains_elementOrNot -->
