<?xml version="1.0" encoding="UTF-8"?>
<!-- Generated by org.testng.reporters.JUnitReportReporter -->
<testsuite hostname="VDC1ODCD200101" failures="0" tests="1" name="interview_Questions.google_searchResult_Click" time="17.909" errors="0" timestamp="2023-09-16T01:20:06 IST" skipped="0">
  <testcase classname="interview_Questions.google_searchResult_Click" name="testsuggestion" time="17.909"/>
  <system-out/>
</testsuite> <!-- interview_Questions.google_searchResult_Click -->
