<?xml version="1.0" encoding="UTF-8"?>
<!-- Generated by org.testng.reporters.JUnitReportReporter -->
<testsuite hostname="VDC1ODCD200101" failures="0" tests="3" name="TestNG_Revise.practise_Dec_1" time="0.024" errors="0" timestamp="2023-12-01T06:18:50 IST" skipped="2">
  <testcase classname="TestNG_Revise.practise_Dec_1" name="testJavaPrg" time="0.024"/>
  <testcase classname="TestNG_Revise.practise_Dec_1" name="test1">
    <skipped/>
  </testcase> <!-- test1 -->
  <testcase classname="TestNG_Revise.practise_Dec_1" name="test2_links">
    <skipped/>
  </testcase> <!-- test2_links -->
</testsuite> <!-- TestNG_Revise.practise_Dec_1 -->
