<?xml version="1.0" encoding="UTF-8"?>
<!-- Generated by org.testng.reporters.JUnitReportReporter -->
<testsuite hostname="VDC1ODCD200101" failures="0" tests="4" name="sel_Advanced.practise_Sep26_2023" time="0.025" errors="0" timestamp="2023-09-27T16:09:00 IST" skipped="3">
  <testcase classname="sel_Advanced.practise_Sep26_2023" name="prg" time="0.025"/>
  <system-out/>
  <testcase classname="sel_Advanced.practise_Sep26_2023" name="practise_Table">
    <skipped/>
  </testcase> <!-- practise_Table -->
  <system-out/>
  <testcase classname="sel_Advanced.practise_Sep26_2023" name="frameTest">
    <skipped/>
  </testcase> <!-- frameTest -->
  <system-out/>
  <testcase classname="sel_Advanced.practise_Sep26_2023" name="window_Practise">
    <skipped/>
  </testcase> <!-- window_Practise -->
  <system-out/>
</testsuite> <!-- sel_Advanced.practise_Sep26_2023 -->
