<?xml version="1.0" encoding="UTF-8"?>
<!-- Generated by org.testng.reporters.JUnitReportReporter -->
<testsuite hostname="VDC1ODCD200101" failures="0" tests="2" name="TestNG_Revise.heirarchy" time="0.057" errors="0" timestamp="2023-10-06T17:34:32 IST" skipped="0">
  <testcase classname="TestNG_Revise.heirarchy" name="test10" time="0.053"/>
  <system-out/>
  <testcase classname="TestNG_Revise.heirarchy" name="test5" time="0.004"/>
  <system-out/>
</testsuite> <!-- TestNG_Revise.heirarchy -->
