<?xml version="1.0" encoding="UTF-8"?>
<!-- Generated by org.testng.reporters.JUnitReportReporter -->
<testsuite hostname="VDC1ODCD200101" failures="0" tests="1" name="new_Functionalities.hashMap_technique" time="21.424" errors="0" timestamp="2023-12-05T13:34:06 IST" skipped="0">
  <testcase classname="new_Functionalities.hashMap_technique" name="testLogin" time="21.424"/>
</testsuite> <!-- new_Functionalities.hashMap_technique -->
