<?xml version="1.0" encoding="UTF-8"?>
<!-- Generated by org.testng.reporters.JUnitReportReporter -->
<testsuite hostname="VDC1ODCD200101" failures="0" tests="1" name="TestNG_Revise.annotations_R" time="0.070" errors="0" timestamp="2023-09-04T16:38:37 IST" skipped="0">
  <testcase classname="TestNG_Revise.annotations_R" name="test5" time="0.070"/>
  <system-out/>
</testsuite> <!-- TestNG_Revise.annotations_R -->
