<?xml version="1.0" encoding="UTF-8"?>
<!-- Generated by org.testng.reporters.JUnitReportReporter -->
<testsuite hostname="VDC1ODCD200101" failures="0" tests="1" name="javaPrograms_R.smallest_in_array" time="0.136" errors="0" timestamp="2023-09-19T11:42:45 IST" skipped="0">
  <testcase classname="javaPrograms_R.smallest_in_array" name="test" time="0.136"/>
  <system-out/>
</testsuite> <!-- javaPrograms_R.smallest_in_array -->
