<?xml version="1.0" encoding="UTF-8"?>
<!-- Generated by org.testng.reporters.JUnitReportReporter -->
<testsuite hostname="VDC1ODCD200101" failures="0" tests="5" name="interview_Questions.invocation_count" time="0.065" errors="0" timestamp="2023-09-18T00:16:45 IST" skipped="0">
  <testcase classname="interview_Questions.invocation_count" name="test" time="0.008"/>
  <system-out/>
  <testcase classname="interview_Questions.invocation_count" name="test" time="0.026"/>
  <system-out/>
  <testcase classname="interview_Questions.invocation_count" name="test" time="0.028"/>
  <system-out/>
  <testcase classname="interview_Questions.invocation_count" name="test" time="0.002"/>
  <system-out/>
  <testcase classname="interview_Questions.invocation_count" name="test" time="0.001"/>
  <system-out/>
</testsuite> <!-- interview_Questions.invocation_count -->
