<?xml version="1.0" encoding="UTF-8"?>
<!-- Generated by org.testng.reporters.JUnitReportReporter -->
<testsuite hostname="VDC1ODCD200101" failures="0" tests="1" name="interview_Questions.screenShot" time="20.584" errors="0" timestamp="2023-09-15T23:28:08 IST" skipped="0">
  <testcase classname="interview_Questions.screenShot" name="testSS" time="20.584"/>
  <system-out/>
</testsuite> <!-- interview_Questions.screenShot -->
