<?xml version="1.0" encoding="UTF-8"?>
<!-- Generated by org.testng.reporters.JUnitReportReporter -->
<testsuite hostname="VDC1ODCD200101" failures="0" tests="3" name="TestNG_Revise.skipException_test" time="0.021" errors="0" timestamp="2023-10-06T15:55:50 IST" skipped="2">
  <testcase classname="TestNG_Revise.skipException_test" name="test1" time="0.016">
    <skipped/>
  </testcase> <!-- test1 -->
  <system-out/>
  <testcase classname="TestNG_Revise.skipException_test" name="test3" time="0.005"/>
  <system-out/>
  <testcase classname="TestNG_Revise.skipException_test" name="test2">
    <skipped/>
  </testcase> <!-- test2 -->
  <system-out/>
</testsuite> <!-- TestNG_Revise.skipException_test -->
