<?xml version="1.0" encoding="UTF-8"?>
<!-- Generated by org.testng.reporters.JUnitReportReporter -->
<testsuite hostname="VDC1ODCD200101" failures="0" tests="1" name="TestCases.LoginTC_001" time="4.803" errors="0" timestamp="2023-09-14T16:53:53 IST" skipped="0">
  <testcase classname="TestCases.LoginTC_001" name="testLoginPage" time="4.803"/>
  <system-out/>
</testsuite> <!-- TestCases.LoginTC_001 -->
