<?xml version="1.0" encoding="UTF-8"?>
<!-- Generated by org.testng.reporters.JUnitReportReporter -->
<testsuite hostname="VDC1ODCD200101" failures="0" tests="1" name="Advanced.links" time="24.918" errors="0" timestamp="2023-09-18T23:30:24 IST" skipped="0">
  <testcase classname="Advanced.links" name="testLinks" time="24.918"/>
  <system-out/>
</testsuite> <!-- Advanced.links -->
