<?xml version="1.0" encoding="UTF-8"?>
<!-- Generated by org.testng.reporters.JUnitReportReporter -->
<testsuite hostname="VDC1ODCD200101" failures="0" tests="1" name="interview_Questions.press_ENter" time="17.674" errors="0" timestamp="2023-09-16T02:13:00 IST" skipped="0">
  <testcase classname="interview_Questions.press_ENter" name="testEter" time="17.674"/>
  <system-out/>
</testsuite> <!-- interview_Questions.press_ENter -->
