<?xml version="1.0" encoding="UTF-8"?>
<!-- Generated by org.testng.reporters.JUnitReportReporter -->
<testsuite hostname="VDC1ODCD200101" failures="0" tests="6" name="TestNG_Revise.priority_R" time="0.103" errors="0" timestamp="2023-09-19T16:01:36 IST" skipped="0">
  <testcase classname="TestNG_Revise.priority_R" name="test5minus" time="0.075"/>
  <system-out/>
  <testcase classname="TestNG_Revise.priority_R" name="test1minus" time="0.004"/>
  <system-out/>
  <testcase classname="TestNG_Revise.priority_R" name="test3" time="0.008"/>
  <system-out/>
  <testcase classname="TestNG_Revise.priority_R" name="test0" time="0.004"/>
  <system-out/>
  <testcase classname="TestNG_Revise.priority_R" name="test1" time="0.007"/>
  <system-out/>
  <testcase classname="TestNG_Revise.priority_R" name="test2" time="0.005"/>
  <system-out/>
</testsuite> <!-- TestNG_Revise.priority_R -->
