<?xml version="1.0" encoding="UTF-8"?>
<!-- Generated by org.testng.reporters.JUnitReportReporter -->
<testsuite hostname="VDC1ODCD200101" failures="0" tests="1" name="interview_Questions.expected_execpetiom" time="3.029" errors="0" timestamp="2023-09-18T00:24:23 IST" skipped="0">
  <testcase classname="interview_Questions.expected_execpetiom" name="test1" time="3.029"/>
  <system-out/>
</testsuite> <!-- interview_Questions.expected_execpetiom -->
