<?xml version="1.0" encoding="UTF-8"?>
<!-- Generated by org.testng.reporters.JUnitReportReporter -->
<testsuite hostname="VDC1ODCD200101" failures="0" tests="2" name="DataDriven_.Login_dataProvider" time="25.502" errors="0" timestamp="2023-10-19T18:47:58 IST" skipped="0">
  <testcase classname="DataDriven_.Login_dataProvider" name="logintest" time="9.365"/>
  <testcase classname="DataDriven_.Login_dataProvider" name="logintest" time="16.137"/>
</testsuite> <!-- DataDriven_.Login_dataProvider -->
