<?xml version="1.0" encoding="UTF-8"?>
<!-- Generated by org.testng.reporters.JUnitReportReporter -->
<testsuite hostname="VDC1ODCD200101" failures="0" tests="1" name="selenium_Revise.file_upload" time="19.252" errors="0" timestamp="2023-10-11T18:59:19 IST" skipped="0">
  <testcase classname="selenium_Revise.file_upload" name="testUploads" time="19.252"/>
</testsuite> <!-- selenium_Revise.file_upload -->
