<?xml version="1.0" encoding="UTF-8"?>
<!-- Generated by org.testng.reporters.JUnitReportReporter -->
<testsuite hostname="VDC1ODCD200101" failures="0" tests="1" name="Advanced.toottip" time="62.788" errors="0" timestamp="2023-10-11T19:30:06 IST" skipped="0">
  <testcase classname="Advanced.toottip" name="test" time="62.788"/>
</testsuite> <!-- Advanced.toottip -->
