<?xml version="1.0" encoding="UTF-8"?>
<!-- Generated by org.testng.reporters.JUnitReportReporter -->
<testsuite hostname="VDC1ODCD200101" failures="0" tests="2" name="TestNG_Revise.groups" time="0.091" errors="0" timestamp="2023-10-06T18:22:36 IST" skipped="0">
  <testcase classname="TestNG_Revise.groups" name="test1" time="0.055"/>
  <testcase classname="TestNG_Revise.groups" name="test3" time="0.036"/>
</testsuite> <!-- TestNG_Revise.groups -->
