<?xml version="1.0" encoding="UTF-8"?>
<!-- Generated by org.testng.reporters.JUnitReportReporter -->
<testsuite hostname="VDC1ODCD200101" failures="0" tests="3" name="TestNG_Revise.dataprovider_test" time="0.033" errors="0" timestamp="2023-10-06T16:11:45 IST" skipped="0">
  <testcase classname="TestNG_Revise.dataprovider_test" name="login" time="0.008"/>
  <system-out/>
  <testcase classname="TestNG_Revise.dataprovider_test" name="login" time="0.005"/>
  <system-out/>
  <testcase classname="TestNG_Revise.dataprovider_test" name="login" time="0.020"/>
  <system-out/>
</testsuite> <!-- TestNG_Revise.dataprovider_test -->
