<?xml version="1.0" encoding="UTF-8"?>
<!-- Generated by org.testng.reporters.JUnitReportReporter -->
<testsuite hostname="Tom" failures="0" tests="6" name="TestNG_Revise.priority_R" time="0.022" errors="0" timestamp="2023-08-27T14:04:24 IST" skipped="0">
  <testcase classname="TestNG_Revise.priority_R" name="test5minus" time="0.011"/>
  <system-out/>
  <testcase classname="TestNG_Revise.priority_R" name="test1minus" time="0.001"/>
  <system-out/>
  <testcase classname="TestNG_Revise.priority_R" name="test3" time="0.002"/>
  <system-out/>
  <testcase classname="TestNG_Revise.priority_R" name="test0" time="0.002"/>
  <system-out/>
  <testcase classname="TestNG_Revise.priority_R" name="test1" time="0.001"/>
  <system-out/>
  <testcase classname="TestNG_Revise.priority_R" name="test2" time="0.005"/>
  <system-out/>
</testsuite> <!-- TestNG_Revise.priority_R -->
