<?xml version="1.0" encoding="UTF-8"?>
<!-- Generated by org.testng.reporters.JUnitReportReporter -->
<testsuite hostname="VDC1ODCD200101" failures="0" tests="1" name="sel_Advanced.table_September12" time="26.298" errors="0" timestamp="2023-09-12T14:43:28 IST" skipped="0">
  <testcase classname="sel_Advanced.table_September12" name="testTable" time="26.298"/>
  <system-out/>
</testsuite> <!-- sel_Advanced.table_September12 -->
