<?xml version="1.0" encoding="UTF-8"?>
<!-- Generated by org.testng.reporters.JUnitReportReporter -->
<testsuite hostname="VDC1ODCD200101" failures="0" tests="1" name="interview_Questions.underlined" time="21.047" errors="0" timestamp="2023-09-16T14:10:40 IST" skipped="0">
  <testcase classname="interview_Questions.underlined" name="testAttribute" time="21.047"/>
  <system-out/>
</testsuite> <!-- interview_Questions.underlined -->
