<?xml version="1.0" encoding="UTF-8"?>
<!-- Generated by org.testng.reporters.JUnitReportReporter -->
<testsuite hostname="VDC1ODCD200101" failures="0" tests="1" name="sel_Advanced.window_Septem12" time="21.167" errors="0" timestamp="2023-09-12T15:21:29 IST" skipped="0">
  <testcase classname="sel_Advanced.window_Septem12" name="windowTest" time="21.167"/>
  <system-out/>
</testsuite> <!-- sel_Advanced.window_Septem12 -->
