<?xml version="1.0" encoding="UTF-8"?>
<!-- Generated by org.testng.reporters.JUnitReportReporter -->
<testsuite hostname="VDC1ODCD200101" failures="0" tests="4" name="TestCase_RL.LoginDDT_RL" time="0.026" errors="0" timestamp="2023-10-26T21:37:48 IST" skipped="0">
  <testcase classname="TestCase_RL.LoginDDT_RL" name="ddTest" time="0.013"/>
  <testcase classname="TestCase_RL.LoginDDT_RL" name="ddTest" time="0.003"/>
  <testcase classname="TestCase_RL.LoginDDT_RL" name="ddTest" time="0.007"/>
  <testcase classname="TestCase_RL.LoginDDT_RL" name="ddTest" time="0.003"/>
</testsuite> <!-- TestCase_RL.LoginDDT_RL -->
