<?xml version="1.0" encoding="UTF-8"?>
<!-- Generated by org.testng.reporters.JUnitReportReporter -->
<testsuite hostname="VDC1ODCD200101" failures="0" tests="1" name="interview_Questions.Links" time="31.626" errors="0" timestamp="2023-09-16T01:50:12 IST" skipped="0">
  <testcase classname="interview_Questions.Links" name="testsuggestion" time="31.626"/>
  <system-out/>
</testsuite> <!-- interview_Questions.Links -->
