<?xml version="1.0" encoding="UTF-8"?>
<!-- Generated by org.testng.reporters.JUnitReportReporter -->
<testsuite hostname="VDC1ODCD200101" failures="0" tests="1" name="javaPrograms_R.test" time="0.054" errors="0" timestamp="2023-09-07T17:24:15 IST" skipped="0">
  <testcase classname="javaPrograms_R.test" name="test" time="0.054"/>
  <system-out/>
</testsuite> <!-- javaPrograms_R.test -->
