<?xml version="1.0" encoding="UTF-8"?>
<!-- Generated by org.testng.reporters.JUnitReportReporter -->
<testsuite hostname="VDC1ODCD200101" failures="0" tests="2" name="DataDriven_.Login_dataProvider" time="29.742" errors="0" timestamp="2023-09-05T15:52:34 IST" skipped="0">
  <testcase classname="DataDriven_.Login_dataProvider" name="logintest" time="11.674"/>
  <system-out/>
  <testcase classname="DataDriven_.Login_dataProvider" name="logintest" time="18.068"/>
  <system-out/>
</testsuite> <!-- DataDriven_.Login_dataProvider -->
