<?xml version="1.0" encoding="UTF-8"?>
<!-- Generated by org.testng.reporters.JUnitReportReporter -->
<testsuite hostname="VDC1ODCD200101" failures="0" tests="4" name="Advanced.Test_Sep28" time="4.086" errors="0" timestamp="2023-09-28T16:52:11 IST" skipped="3">
  <testcase classname="Advanced.Test_Sep28" name="dd" time="4.086"/>
  <system-out/>
  <testcase classname="Advanced.Test_Sep28" name="test">
    <skipped/>
  </testcase> <!-- test -->
  <system-out/>
  <testcase classname="Advanced.Test_Sep28" name="fileUsingDataProvider">
    <skipped/>
  </testcase> <!-- fileUsingDataProvider -->
  <system-out/>
  <testcase classname="Advanced.Test_Sep28" name="filedownload">
    <skipped/>
  </testcase> <!-- filedownload -->
  <system-out/>
</testsuite> <!-- Advanced.Test_Sep28 -->
