<?xml version="1.0" encoding="UTF-8"?>
<!-- Generated by org.testng.reporters.JUnitReportReporter -->
<testsuite hostname="Tom" failures="0" tests="6" name="TestNG_Revise.skipTC_R" time="0.022" errors="0" timestamp="2023-08-27T14:08:54 IST" skipped="1">
  <testcase classname="TestNG_Revise.skipTC_R" name="test1minus" time="0.015"/>
  <system-out/>
  <testcase classname="TestNG_Revise.skipTC_R" name="test0" time="0.001"/>
  <system-out/>
  <testcase classname="TestNG_Revise.skipTC_R" name="test3" time="0.002"/>
  <system-out/>
  <testcase classname="TestNG_Revise.skipTC_R" name="test1" time="0.001"/>
  <system-out/>
  <testcase classname="TestNG_Revise.skipTC_R" name="test2" time="0.003"/>
  <system-out/>
  <testcase classname="TestNG_Revise.skipTC_R" name="test5minus">
    <skipped/>
  </testcase> <!-- test5minus -->
  <system-out/>
</testsuite> <!-- TestNG_Revise.skipTC_R -->
