<?xml version="1.0" encoding="UTF-8"?>
<!-- Generated by org.testng.reporters.JUnitReportReporter -->
<testsuite hostname="VDC1ODCD200101" failures="0" tests="1" name="interview_Questions.google_searchSuggestion" time="21.564" errors="0" timestamp="2023-09-16T01:02:10 IST" skipped="0">
  <testcase classname="interview_Questions.google_searchSuggestion" name="testsuggestion" time="21.564"/>
  <system-out/>
</testsuite> <!-- interview_Questions.google_searchSuggestion -->
