<?xml version="1.0" encoding="UTF-8"?>
<!-- Generated by org.testng.reporters.JUnitReportReporter -->
<testsuite hostname="VDC1ODCD200101" failures="0" tests="1" name="new_Functionalities.window" time="15.505" errors="0" timestamp="2023-10-20T05:13:47 IST" skipped="0">
  <testcase classname="new_Functionalities.window" name="newwindow" time="15.505"/>
</testsuite> <!-- new_Functionalities.window -->
