<?xml version="1.0" encoding="UTF-8"?>
<!-- Generated by org.testng.reporters.JUnitReportReporter -->
<testsuite hostname="VDC1ODCD200101" failures="0" tests="1" name="script_practise.test_codes" time="0.023" errors="0" timestamp="2023-10-25T12:17:54 IST" skipped="0">
  <testcase classname="script_practise.test_codes" name="test1" time="0.023"/>
</testsuite> <!-- script_practise.test_codes -->
