<?xml version="1.0" encoding="UTF-8"?>
<!-- Generated by org.testng.reporters.JUnitReportReporter -->
<testsuite hostname="VDC1ODCD200101" failures="0" tests="1" name="interview_Questions.quit_And_close" time="18.650" errors="0" timestamp="2023-09-15T22:45:14 IST" skipped="0">
  <testcase classname="interview_Questions.quit_And_close" name="testdiff" time="18.650"/>
  <system-out/>
</testsuite> <!-- interview_Questions.quit_And_close -->
