<?xml version="1.0" encoding="UTF-8"?>
<!-- Generated by org.testng.reporters.JUnitReportReporter -->
<testsuite hostname="VDC1ODCD200101" failures="0" tests="1" name="interview_Questions.pagination" time="32.548" errors="0" timestamp="2023-09-18T01:42:00 IST" skipped="0">
  <testcase classname="interview_Questions.pagination" name="testpagignation" time="32.548"/>
  <system-out/>
</testsuite> <!-- interview_Questions.pagination -->
