<?xml version="1.0" encoding="UTF-8"?>
<!-- Generated by org.testng.reporters.JUnitReportReporter -->
<testsuite hostname="VDC1ODCD200101" failures="0" tests="1" name="interview_Questions.fluentwait" time="21.525" errors="0" timestamp="2023-09-15T22:41:38 IST" skipped="0">
  <testcase classname="interview_Questions.fluentwait" name="testFluentWait" time="21.525"/>
  <system-out/>
</testsuite> <!-- interview_Questions.fluentwait -->
