<?xml version="1.0" encoding="UTF-8"?>
<!-- Generated by org.testng.reporters.JUnitReportReporter -->
<testsuite hostname="VDC1ODCD200101" failures="0" tests="12" name="program_revise.programs" time="0.016" errors="0" timestamp="2023-10-31T14:06:22 IST" skipped="11">
  <testcase classname="program_revise.programs" name="sum_of_digits" time="0.016"/>
  <testcase classname="program_revise.programs" name="even_odd_count">
    <skipped/>
  </testcase> <!-- even_odd_count -->
  <testcase classname="program_revise.programs" name="number_reverse">
    <skipped/>
  </testcase> <!-- number_reverse -->
  <testcase classname="program_revise.programs" name="count_of_given_Number">
    <skipped/>
  </testcase> <!-- count_of_given_Number -->
  <testcase classname="program_revise.programs" name="element_present_or_not">
    <skipped/>
  </testcase> <!-- element_present_or_not -->
  <testcase classname="program_revise.programs" name="test_swap">
    <skipped/>
  </testcase> <!-- test_swap -->
  <testcase classname="program_revise.programs" name="prime_or_not">
    <skipped/>
  </testcase> <!-- prime_or_not -->
  <testcase classname="program_revise.programs" name="missing_element">
    <skipped/>
  </testcase> <!-- missing_element -->
  <testcase classname="program_revise.programs" name="largest_of_number">
    <skipped/>
  </testcase> <!-- largest_of_number -->
  <testcase classname="program_revise.programs" name="test_reverse">
    <skipped/>
  </testcase> <!-- test_reverse -->
  <testcase classname="program_revise.programs" name="max">
    <skipped/>
  </testcase> <!-- max -->
  <testcase classname="program_revise.programs" name="smallest_in_array">
    <skipped/>
  </testcase> <!-- smallest_in_array -->
</testsuite> <!-- program_revise.programs -->
